0 info it worked if it ends with ok
1 verbose cli [ '/Users/wangzheng/.nvm/versions/node/v7.4.0/bin/node',
1 verbose cli   '/Users/wangzheng/.nvm/versions/node/v7.4.0/bin/npm',
1 verbose cli   'run',
1 verbose cli   'dev' ]
2 info using npm@4.0.5
3 info using node@v7.4.0
4 verbose run-script [ 'predev', 'dev', 'postdev' ]
5 info lifecycle test-minip@0.0.1~predev: test-minip@0.0.1
6 silly lifecycle test-minip@0.0.1~predev: no script for predev, continuing
7 info lifecycle test-minip@0.0.1~dev: test-minip@0.0.1
8 verbose lifecycle test-minip@0.0.1~dev: unsafe-perm in lifecycle true
9 verbose lifecycle test-minip@0.0.1~dev: PATH: /Users/wangzheng/.nvm/versions/node/v7.4.0/lib/node_modules/npm/bin/node-gyp-bin:/Users/wangzheng/code/test-minip/node_modules/.bin:/anaconda3/bin:/Users/wangzheng/.nvm/versions/node/v7.4.0/bin:/usr/local/bin:/usr/bin:/bin:/usr/sbin:/sbin:/usr/local/mysql/bin
10 verbose lifecycle test-minip@0.0.1~dev: CWD: /Users/wangzheng/code/test-minip
11 silly lifecycle test-minip@0.0.1~dev: Args: [ '-c', 'wepy build --watch' ]
12 silly lifecycle test-minip@0.0.1~dev: Returned: code: 1  signal: null
13 info lifecycle test-minip@0.0.1~dev: Failed to exec dev script
14 verbose stack Error: test-minip@0.0.1 dev: `wepy build --watch`
14 verbose stack Exit status 1
14 verbose stack     at EventEmitter.<anonymous> (/Users/wangzheng/.nvm/versions/node/v7.4.0/lib/node_modules/npm/lib/utils/lifecycle.js:279:16)
14 verbose stack     at emitTwo (events.js:106:13)
14 verbose stack     at EventEmitter.emit (events.js:191:7)
14 verbose stack     at ChildProcess.<anonymous> (/Users/wangzheng/.nvm/versions/node/v7.4.0/lib/node_modules/npm/lib/utils/spawn.js:40:14)
14 verbose stack     at emitTwo (events.js:106:13)
14 verbose stack     at ChildProcess.emit (events.js:191:7)
14 verbose stack     at maybeClose (internal/child_process.js:885:16)
14 verbose stack     at Process.ChildProcess._handle.onexit (internal/child_process.js:226:5)
15 verbose pkgid test-minip@0.0.1
16 verbose cwd /Users/wangzheng/code/test-minip
17 error Darwin 17.4.0
18 error argv "/Users/wangzheng/.nvm/versions/node/v7.4.0/bin/node" "/Users/wangzheng/.nvm/versions/node/v7.4.0/bin/npm" "run" "dev"
19 error node v7.4.0
20 error npm  v4.0.5
21 error code ELIFECYCLE
22 error test-minip@0.0.1 dev: `wepy build --watch`
22 error Exit status 1
23 error Failed at the test-minip@0.0.1 dev script 'wepy build --watch'.
23 error Make sure you have the latest version of node.js and npm installed.
23 error If you do, this is most likely a problem with the test-minip package,
23 error not with npm itself.
23 error Tell the author that this fails on your system:
23 error     wepy build --watch
23 error You can get information on how to open an issue for this project with:
23 error     npm bugs test-minip
23 error Or if that isn't available, you can get their info via:
23 error     npm owner ls test-minip
23 error There is likely additional logging output above.
24 verbose exit [ 1, true ]
